<?xml version="1.0" encoding="UTF-8"?>
<!-- Generated by org.testng.reporters.JUnitXMLReporter -->
<testsuite hostname="DESKTOP-86TT1QM" ignored="0" name="Login Test for Chrome" tests="2" failures="0" timestamp="21 Nov 2018 16:02:37 GMT" time="21.744" errors="0">
  <testcase name="InValidLogin" time="1.249" classname="com.anass.orangehrm.tests.LoginTest"/>
  <testcase name="ValidLogin" time="2.795" classname="com.anass.orangehrm.tests.LoginTest"/>
</testsuite> <!-- Login Test for Chrome -->
